e:\donat\érettségi\programs\black jack\debug\vc142.pdb
e:\donat\érettségi\programs\black jack\debug\vc142.idb
e:\donat\érettségi\programs\black jack\debug\deck.obj
e:\donat\érettségi\programs\black jack\debug\black jack.obj
e:\donat\érettségi\programs\black jack\debug\registration.obj
e:\donat\érettségi\programs\black jack\debug\mainscr.obj
e:\donat\érettségi\programs\black jack\debug\blackjack.obj
e:\donat\érettségi\programs\black jack\debug\playerchoice.obj
e:\donat\érettségi\programs\black jack\debug\calculation.obj
e:\donat\érettségi\programs\black jack\debug\ai.obj
e:\donat\érettségi\programs\black jack\debug\save.obj
e:\donat\érettségi\programs\black jack\debug\black jack.exe
e:\donat\érettségi\programs\black jack\debug\black jack.ilk
e:\donat\érettségi\programs\black jack\debug\black jack.pdb
e:\donat\érettségi\programs\black jack\debug\deck.obj.enc
e:\donat\érettségi\programs\black jack\debug\black jack.tlog\cl.command.1.tlog
e:\donat\érettségi\programs\black jack\debug\black jack.tlog\cl.read.1.tlog
e:\donat\érettségi\programs\black jack\debug\black jack.tlog\cl.write.1.tlog
e:\donat\érettségi\programs\black jack\debug\black jack.tlog\link.command.1.tlog
e:\donat\érettségi\programs\black jack\debug\black jack.tlog\link.read.1.tlog
e:\donat\érettségi\programs\black jack\debug\black jack.tlog\link.write.1.tlog
